01/17/2023 07:31:06 PM: INFO: ****Starting LoginTest1 Data Driven Login Test ****
01/17/2023 07:31:06 PM: INFO: ***Login Passed ***
01/17/2023 07:31:06 PM: INFO: ****Starting LoginTest2 Data Driven Login Test ****
01/17/2023 07:31:06 PM: INFO: ***Login Passed ***
01/17/2023 07:31:25 PM: INFO: ****Starting LoginTest1 Data Driven Login Test ****
01/17/2023 07:31:25 PM: INFO: ***Login Passed ***
01/17/2023 07:31:25 PM: INFO: ****Starting LoginTest2 Data Driven Login Test ****
01/17/2023 07:33:17 PM: INFO: ****Starting LoginTest1 Data Driven Login Test ****
01/17/2023 07:33:17 PM: INFO: ***Login Passed ***
01/17/2023 07:33:17 PM: INFO: ****Starting LoginTest2 Data Driven Login Test ****
01/17/2023 07:33:17 PM: INFO: ***Login Passed ***
01/17/2023 07:52:01 PM: INFO: ****Starting LoginTest1 Data Driven Login Test ****
01/17/2023 07:52:01 PM: INFO: ***Login Passed ***
01/17/2023 07:52:01 PM: INFO: ****Starting LoginTest2 Data Driven Login Test ****
01/17/2023 07:52:01 PM: INFO: ***Login Passed ***
01/17/2023 07:56:15 PM: INFO: ****Starting LoginTest1 Data Driven Login Test ****
01/17/2023 07:56:15 PM: INFO: ***Login Passed ***
01/17/2023 07:56:15 PM: INFO: ****Starting LoginTest2 Data Driven Login Test ****
01/17/2023 07:56:15 PM: INFO: ***Login Passed ***
01/17/2023 07:59:15 PM: INFO: ****Starting LoginTest1 Data Driven Login Test ****
01/17/2023 07:59:15 PM: INFO: ***Login Passed ***
01/17/2023 07:59:15 PM: INFO: ****Starting LoginTest2 Data Driven Login Test ****
01/17/2023 07:59:15 PM: INFO: ***Login Passed ***
01/17/2023 08:03:57 PM: INFO: ****Starting LoginTest1 Data Driven Login Test ****
01/17/2023 08:03:58 PM: INFO: ***Login Passed ***
01/17/2023 08:03:58 PM: INFO: ****Starting LoginTest2 Data Driven Login Test ****
01/17/2023 08:03:58 PM: INFO: ***Login Passed ***
01/17/2023 08:07:12 PM: INFO: ****Starting LoginTest1 Data Driven Login Test ****
01/17/2023 08:07:12 PM: INFO: ***Login Passed ***
01/17/2023 08:07:12 PM: INFO: ****Starting LoginTest2 Data Driven Login Test ****
01/17/2023 08:07:13 PM: INFO: ***Login Passed ***
01/17/2023 08:07:31 PM: INFO: ****Starting LoginTest1 Data Driven Login Test ****
01/17/2023 08:07:31 PM: INFO: ***Login Passed ***
01/17/2023 08:07:31 PM: INFO: ****Starting LoginTest2 Data Driven Login Test ****
01/17/2023 08:07:31 PM: INFO: ***Login Passed ***
01/17/2023 08:07:49 PM: INFO: ****Starting LoginTest1 Data Driven Login Test ****
01/17/2023 08:07:49 PM: INFO: ***Login Passed ***
01/17/2023 08:07:49 PM: INFO: ****Starting LoginTest2 Data Driven Login Test ****
01/17/2023 08:07:50 PM: INFO: ***Login Passed ***
01/17/2023 08:09:14 PM: INFO: ****Starting LoginTest1 Data Driven Login Test ****
01/17/2023 08:09:14 PM: INFO: ****Logging in with username Harry Potter ****
01/17/2023 08:09:15 PM: INFO: ***Login Passed ***
01/17/2023 08:09:15 PM: INFO: ****Starting LoginTest2 Data Driven Login Test ****
01/17/2023 08:09:15 PM: INFO: ****Logging in with username Harry Potter ****
01/17/2023 08:09:15 PM: INFO: ***Login Passed ***
01/17/2023 08:09:33 PM: INFO: ****Starting LoginTest1 Data Driven Login Test ****
01/17/2023 08:09:33 PM: INFO: ****Logging in with username Harry Potter ****
01/17/2023 08:09:33 PM: INFO: ***Login Passed ***
01/17/2023 08:09:33 PM: INFO: ****Starting LoginTest2 Data Driven Login Test ****
01/17/2023 08:09:33 PM: INFO: ****Logging in with username Harry Potter ****
01/17/2023 08:09:33 PM: INFO: ***Login Passed ***
01/17/2023 08:09:35 PM: INFO: ****Starting LoginTest1 Data Driven Login Test ****
01/17/2023 08:09:35 PM: INFO: ****Logging in with username Harry Potter ****
01/17/2023 08:09:35 PM: INFO: ***Login Passed ***
01/17/2023 08:09:35 PM: INFO: ****Starting LoginTest2 Data Driven Login Test ****
01/17/2023 08:09:35 PM: INFO: ****Logging in with username Harry Potter ****
01/17/2023 08:09:36 PM: INFO: ***Login Passed ***
01/17/2023 08:13:42 PM: INFO: ****Starting Test Name Data Driven Login Test ****
01/17/2023 08:13:42 PM: INFO: ****Logging in with username Username ****
01/17/2023 08:14:10 PM: INFO: ****Starting LoginTest1 Data Driven Login Test ****
01/17/2023 08:14:10 PM: INFO: ****Logging in with username Harry Potter ****
01/17/2023 08:14:11 PM: INFO: ***Login Passed ***
01/17/2023 08:14:13 PM: INFO: ****Starting LoginTest2 Data Driven Login Test ****
01/17/2023 08:14:13 PM: INFO: ****Logging in with username Harry Potter ****
01/17/2023 08:14:13 PM: INFO: ***Login Passed ***
01/17/2023 08:15:17 PM: INFO: ****Starting Test Name Data Driven Login Test ****
01/17/2023 08:15:17 PM: INFO: ****Logging in with username Username ****
01/17/2023 08:17:45 PM: INFO: ****Starting Test Name Data Driven Login Test ****
01/17/2023 08:17:45 PM: INFO: ****Logging in with username Username ****
01/17/2023 08:18:13 PM: INFO: ****Starting LoginTest1 Data Driven Login Test ****
01/17/2023 08:18:13 PM: INFO: ****Logging in with username Harry Potter ****
01/17/2023 08:18:14 PM: INFO: ***Login Passed ***
01/17/2023 08:18:16 PM: INFO: ****Starting LoginTest2 Data Driven Login Test ****
01/17/2023 08:18:16 PM: INFO: ****Logging in with username Harry Potter ****
01/17/2023 08:18:16 PM: INFO: ***Login Passed ***
01/17/2023 08:19:41 PM: INFO: ****Starting Test Name Data Driven Login Test ****
01/17/2023 08:19:41 PM: INFO: ****Logging in with username Username ****
01/17/2023 08:20:10 PM: INFO: ****Starting LoginTest1 Data Driven Login Test ****
01/17/2023 08:20:11 PM: INFO: ****Starting LoginTest2 Data Driven Login Test ****
01/17/2023 08:20:46 PM: INFO: ****Starting Test Name Data Driven Login Test ****
01/17/2023 08:20:46 PM: INFO: ****Logging in with username Username ****
01/17/2023 08:20:58 PM: INFO: ****Starting LoginTest1 Data Driven Login Test ****
01/17/2023 08:20:58 PM: INFO: ***Test Skipped***
01/17/2023 08:21:16 PM: INFO: ****Starting LoginTest2 Data Driven Login Test ****
01/17/2023 08:21:16 PM: INFO: ***Test Skipped***
01/18/2023 04:56:55 PM: INFO: ****Starting LoginTest1 Data Driven Login Test ****
01/18/2023 04:56:55 PM: INFO: ***Test Skipped***
01/18/2023 04:58:11 PM: INFO: ****Starting LoginTest1 Data Driven Login Test ****
01/18/2023 04:58:11 PM: INFO: ***Test Skipped***
01/18/2023 04:58:26 PM: INFO: ****Starting LoginTest1 Data Driven Login Test ****
01/18/2023 04:58:26 PM: INFO: ****Logging in with username Harry Potter ****
01/18/2023 04:58:27 PM: INFO: ***Login Passed ***
01/18/2023 04:59:02 PM: INFO: ****Starting Test Name Data Driven Login Test ****
01/18/2023 04:59:02 PM: INFO: ****Logging in with username Username ****
01/18/2023 04:59:15 PM: INFO: ****Starting LoginTest1 Data Driven Login Test ****
01/18/2023 04:59:15 PM: INFO: ****Logging in with username Harry Potter ****
01/18/2023 04:59:15 PM: INFO: ***Login Passed ***
01/18/2023 04:59:55 PM: INFO: ****Starting LoginTest1 Data Driven Login Test ****
01/18/2023 04:59:55 PM: INFO: ****Logging in with username Harry Potter ****
01/18/2023 04:59:56 PM: INFO: ***Login Passed ***
01/18/2023 04:59:58 PM: INFO: ****Starting LoginTest2 Data Driven Login Test ****
01/18/2023 04:59:58 PM: INFO: ****Logging in with username Eddie ****
01/18/2023 05:05:04 PM: INFO: ****Starting LoginTest1 Data Driven Login Test ****
01/18/2023 05:05:04 PM: INFO: ****Logging in with username Harry Potter ****
01/18/2023 05:05:05 PM: INFO: ***Login Passed ***
01/18/2023 05:05:07 PM: INFO: ****Starting LoginTest2 Data Driven Login Test ****
01/18/2023 05:05:07 PM: INFO: ****Logging in with username Eddie ****
01/18/2023 06:11:16 PM: INFO: ***Starting Customer Test for test case Test1_TransactionsApproved***
01/18/2023 06:11:16 PM: INFO: ***Getting Base Url***
01/18/2023 06:11:17 PM: INFO: ***Getting LoginPage Object Model***
01/18/2023 06:11:17 PM: INFO: ***Getting AccountPage Object Model***
01/18/2023 06:11:17 PM: INFO: ***Getting Test Data***
01/18/2023 06:11:19 PM: INFO: ***Starting Customer Test for test case Test2_TransactionsDenied***
01/18/2023 06:11:19 PM: INFO: ***Getting Base Url***
01/18/2023 06:11:19 PM: INFO: ***Getting LoginPage Object Model***
01/18/2023 06:11:19 PM: INFO: ***Getting AccountPage Object Model***
01/18/2023 06:11:19 PM: INFO: ***Getting Test Data***
01/18/2023 06:12:19 PM: INFO: ***Starting Customer Test for test case Test1_TransactionsApproved***
01/18/2023 06:12:19 PM: INFO: ***Getting Base Url***
01/18/2023 06:12:20 PM: INFO: ***Getting LoginPage Object Model***
01/18/2023 06:12:20 PM: INFO: ***Getting AccountPage Object Model***
01/18/2023 06:12:20 PM: INFO: ***Getting Test Data***
01/18/2023 06:12:21 PM: INFO: ***Starting Customer Test for test case Test2_TransactionsDenied***
01/18/2023 06:12:21 PM: INFO: ***Getting Base Url***
01/18/2023 06:12:22 PM: INFO: ***Getting LoginPage Object Model***
01/18/2023 06:12:22 PM: INFO: ***Getting AccountPage Object Model***
01/18/2023 06:12:22 PM: INFO: ***Getting Test Data***
01/18/2023 06:13:09 PM: INFO: ***Starting Customer Test for test case Test1_TransactionsApproved***
01/18/2023 06:13:09 PM: INFO: ***Getting Base Url***
01/18/2023 06:13:10 PM: INFO: ***Getting LoginPage Object Model***
01/18/2023 06:13:10 PM: INFO: ***Getting AccountPage Object Model***
01/18/2023 06:13:10 PM: INFO: ***Getting Test Data***
01/18/2023 06:13:27 PM: INFO: ***Starting Customer Test for test case Test2_TransactionsDenied***
01/18/2023 06:13:27 PM: INFO: ***Getting Base Url***
01/18/2023 06:13:28 PM: INFO: ***Getting LoginPage Object Model***
01/18/2023 06:13:28 PM: INFO: ***Getting AccountPage Object Model***
01/18/2023 06:13:28 PM: INFO: ***Getting Test Data***
01/18/2023 06:14:30 PM: INFO: ***Starting Customer Test for test case Test1_TransactionsApproved***
01/18/2023 06:14:30 PM: INFO: ***Getting Base Url***
01/18/2023 06:14:31 PM: INFO: ***Getting LoginPage Object Model***
01/18/2023 06:14:31 PM: INFO: ***Getting AccountPage Object Model***
01/18/2023 06:14:31 PM: INFO: ***Getting Test Data***
01/18/2023 06:14:49 PM: INFO: ***Starting Customer Test for test case Test2_TransactionsDenied***
01/18/2023 06:14:49 PM: INFO: ***Getting Base Url***
01/18/2023 06:14:49 PM: INFO: ***Getting LoginPage Object Model***
01/18/2023 06:14:49 PM: INFO: ***Getting AccountPage Object Model***
01/18/2023 06:14:49 PM: INFO: ***Getting Test Data***
01/18/2023 06:15:45 PM: INFO: ***Starting Customer Test for test case Test1_TransactionsApproved***
01/18/2023 06:15:45 PM: INFO: ***Getting Base Url***
01/18/2023 06:15:46 PM: INFO: ***Getting LoginPage Object Model***
01/18/2023 06:15:46 PM: INFO: ***Getting AccountPage Object Model***
01/18/2023 06:15:46 PM: INFO: ***Getting Test Data***
01/18/2023 06:16:04 PM: INFO: ***Test Execution Set to No, Skipping***
01/18/2023 06:16:33 PM: INFO: ***Starting Customer Test for test case Test1_TransactionsApproved***
01/18/2023 06:16:33 PM: INFO: ***Getting Base Url***
01/18/2023 06:16:34 PM: INFO: ***Getting LoginPage Object Model***
01/18/2023 06:16:34 PM: INFO: ***Getting AccountPage Object Model***
01/18/2023 06:16:34 PM: INFO: ***Getting Test Data***
01/18/2023 06:16:34 PM: INFO: ***Logging in with username Harry Potter***
01/18/2023 06:16:35 PM: INFO: ***Test Execution Set to No, Skipping***
01/18/2023 06:18:51 PM: INFO: ***Starting Customer Test for test case Test1_TransactionsApproved***
01/18/2023 06:18:51 PM: INFO: ***Getting Base Url***
01/18/2023 06:18:52 PM: INFO: ***Getting LoginPage Object Model***
01/18/2023 06:18:52 PM: INFO: ***Getting AccountPage Object Model***
01/18/2023 06:18:52 PM: INFO: ***Getting Test Data***
01/18/2023 06:18:52 PM: INFO: ***Logging in with username Harry Potter***
01/18/2023 06:18:54 PM: INFO: ***Test Execution Set to No, Skipping***
01/18/2023 06:19:26 PM: INFO: ***Starting Customer Test for test case Test1_TransactionsApproved***
01/18/2023 06:19:26 PM: INFO: ***Getting Base Url***
01/18/2023 06:19:27 PM: INFO: ***Getting LoginPage Object Model***
01/18/2023 06:19:27 PM: INFO: ***Getting AccountPage Object Model***
01/18/2023 06:19:27 PM: INFO: ***Getting Test Data***
01/18/2023 06:19:27 PM: INFO: ***Logging in with username Harry Potter***
01/18/2023 06:19:27 PM: INFO: ***Login Success***
01/18/2023 06:19:27 PM: INFO: ***Making Deposit***
01/18/2023 06:19:45 PM: INFO: ***Test Execution Set to No, Skipping***
01/18/2023 06:22:13 PM: INFO: ***Starting Customer Test for test case Test1_TransactionsApproved***
01/18/2023 06:22:13 PM: INFO: ***Getting Base Url***
01/18/2023 06:22:28 PM: INFO: ***Starting Customer Test for test case Test1_TransactionsApproved***
01/18/2023 06:22:28 PM: INFO: ***Getting Base Url***
01/18/2023 06:22:29 PM: INFO: ***Getting LoginPage Object Model***
01/18/2023 06:22:29 PM: INFO: ***Getting AccountPage Object Model***
01/18/2023 06:22:29 PM: INFO: ***Getting Test Data***
01/18/2023 06:22:29 PM: INFO: ***Logging in with username Harry Potter***
01/18/2023 06:22:29 PM: INFO: ***Login Success***
01/18/2023 06:22:29 PM: INFO: ***Making Deposit***
01/18/2023 06:22:47 PM: INFO: ***Test Execution Set to No, Skipping***
01/18/2023 06:28:10 PM: INFO: ***Starting Customer Test for test case Test1_TransactionsApproved***
01/18/2023 06:28:10 PM: INFO: ***Getting Base Url***
01/18/2023 06:28:11 PM: INFO: ***Getting LoginPage Object Model***
01/18/2023 06:28:11 PM: INFO: ***Getting AccountPage Object Model***
01/18/2023 06:28:11 PM: INFO: ***Getting Test Data***
01/18/2023 06:28:11 PM: INFO: ***Logging in with username Harry Potter***
01/18/2023 06:28:12 PM: INFO: ***Login Success***
01/18/2023 06:28:12 PM: INFO: ***Making Deposit***
01/18/2023 06:28:29 PM: INFO: ***Test Execution Set to No, Skipping***
01/18/2023 06:31:14 PM: INFO: ***Starting Customer Test for test case Test1_TransactionsApproved***
01/18/2023 06:31:14 PM: INFO: ***Getting Base Url***
01/18/2023 06:31:15 PM: INFO: ***Getting LoginPage Object Model***
01/18/2023 06:31:15 PM: INFO: ***Getting AccountPage Object Model***
01/18/2023 06:31:15 PM: INFO: ***Getting Test Data***
01/18/2023 06:31:15 PM: INFO: ***Logging in with username Harry Potter***
01/18/2023 06:31:15 PM: INFO: ***Login Success***
01/18/2023 06:31:15 PM: INFO: ***Making Deposit***
01/18/2023 06:31:33 PM: INFO: ***Test Execution Set to No, Skipping***
01/18/2023 06:35:26 PM: INFO: ***Starting Customer Test for test case Test1_TransactionsApproved***
01/18/2023 06:35:26 PM: INFO: ***Getting Base Url***
01/18/2023 06:35:27 PM: INFO: ***Getting LoginPage Object Model***
01/18/2023 06:35:27 PM: INFO: ***Getting AccountPage Object Model***
01/18/2023 06:35:27 PM: INFO: ***Getting Test Data***
01/18/2023 06:35:27 PM: INFO: ***Logging in with username Harry Potter***
01/18/2023 06:35:27 PM: INFO: ***Login Success***
01/18/2023 06:35:27 PM: INFO: ***Making Deposit***
01/18/2023 06:35:45 PM: INFO: ***Test Execution Set to No, Skipping***
01/18/2023 06:37:47 PM: INFO: ***Starting Customer Test for test case Test1_TransactionsApproved***
01/18/2023 06:37:47 PM: INFO: ***Getting Base Url***
01/18/2023 06:37:47 PM: INFO: ***Getting LoginPage Object Model***
01/18/2023 06:37:47 PM: INFO: ***Getting AccountPage Object Model***
01/18/2023 06:37:47 PM: INFO: ***Getting Test Data***
01/18/2023 06:37:47 PM: INFO: ***Logging in with username Harry Potter***
01/18/2023 06:37:48 PM: INFO: ***Login Success***
01/18/2023 06:37:48 PM: INFO: ***Making Deposit***
01/18/2023 06:38:05 PM: INFO: ***Test Execution Set to No, Skipping***
01/18/2023 06:39:46 PM: INFO: ***Starting Customer Test for test case Test1_TransactionsApproved***
01/18/2023 06:39:46 PM: INFO: ***Getting Base Url***
01/18/2023 06:39:47 PM: INFO: ***Getting LoginPage Object Model***
01/18/2023 06:39:47 PM: INFO: ***Getting AccountPage Object Model***
01/18/2023 06:39:47 PM: INFO: ***Getting Test Data***
01/18/2023 06:39:47 PM: INFO: ***Logging in with username Harry Potter***
01/18/2023 06:39:48 PM: INFO: ***Login Success***
01/18/2023 06:39:49 PM: INFO: ***Test Execution Set to No, Skipping***
01/18/2023 06:40:13 PM: INFO: ***Starting Customer Test for test case Test1_TransactionsApproved***
01/18/2023 06:40:13 PM: INFO: ***Getting Base Url***
01/18/2023 06:40:14 PM: INFO: ***Getting LoginPage Object Model***
01/18/2023 06:40:14 PM: INFO: ***Getting AccountPage Object Model***
01/18/2023 06:40:14 PM: INFO: ***Getting Test Data***
01/18/2023 06:40:14 PM: INFO: ***Logging in with username Harry Potter***
01/18/2023 06:40:14 PM: INFO: ***Login Success***
01/18/2023 06:40:14 PM: INFO: ***Making Deposit***
01/18/2023 06:40:16 PM: INFO: ***Test Execution Set to No, Skipping***
01/18/2023 06:41:59 PM: INFO: ***Starting Customer Test for test case Test1_TransactionsApproved***
01/18/2023 06:41:59 PM: INFO: ***Getting Base Url***
01/18/2023 06:42:00 PM: INFO: ***Getting LoginPage Object Model***
01/18/2023 06:42:00 PM: INFO: ***Getting AccountPage Object Model***
01/18/2023 06:42:00 PM: INFO: ***Getting Test Data***
01/18/2023 06:42:00 PM: INFO: ***Logging in with username Harry Potter***
01/18/2023 06:42:01 PM: INFO: ***Login Success***
01/18/2023 06:42:01 PM: INFO: ***Making Deposit***
01/18/2023 06:42:18 PM: INFO: ***Test Execution Set to No, Skipping***
01/18/2023 06:43:08 PM: INFO: ***Starting Customer Test for test case Test1_TransactionsApproved***
01/18/2023 06:43:08 PM: INFO: ***Getting Base Url***
01/18/2023 06:43:09 PM: INFO: ***Getting LoginPage Object Model***
01/18/2023 06:43:09 PM: INFO: ***Getting AccountPage Object Model***
01/18/2023 06:43:09 PM: INFO: ***Getting Test Data***
01/18/2023 06:43:09 PM: INFO: ***Logging in with username Harry Potter***
01/18/2023 06:43:10 PM: INFO: ***Login Success***
01/18/2023 06:43:10 PM: INFO: ***Making Deposit***
01/18/2023 06:43:27 PM: INFO: ***Test Execution Set to No, Skipping***
01/18/2023 06:45:58 PM: INFO: ***Starting Customer Test for test case Test1_TransactionsApproved***
01/18/2023 06:45:58 PM: INFO: ***Getting Base Url***
01/18/2023 06:45:59 PM: INFO: ***Getting LoginPage Object Model***
01/18/2023 06:45:59 PM: INFO: ***Getting AccountPage Object Model***
01/18/2023 06:45:59 PM: INFO: ***Getting Test Data***
01/18/2023 06:45:59 PM: INFO: ***Logging in with username Harry Potter***
01/18/2023 06:45:59 PM: INFO: ***Login Success***
01/18/2023 06:45:59 PM: INFO: ***Making Deposit***
01/18/2023 06:46:17 PM: INFO: ***Test Execution Set to No, Skipping***
01/18/2023 06:47:44 PM: INFO: ***Starting Customer Test for test case Test1_TransactionsApproved***
01/18/2023 06:47:44 PM: INFO: ***Getting Base Url***
01/18/2023 06:47:45 PM: INFO: ***Getting LoginPage Object Model***
01/18/2023 06:47:45 PM: INFO: ***Getting AccountPage Object Model***
01/18/2023 06:47:45 PM: INFO: ***Getting Test Data***
01/18/2023 06:47:45 PM: INFO: ***Logging in with username Harry Potter***
01/18/2023 06:47:45 PM: INFO: ***Login Success***
01/18/2023 06:47:45 PM: INFO: ***Making Deposit***
01/18/2023 06:47:46 PM: INFO: ***Balance not as expected, balance is 30, failing test case
01/18/2023 06:47:47 PM: INFO: ***Test Execution Set to No, Skipping***
01/18/2023 06:48:59 PM: INFO: ***Starting Customer Test for test case Test1_TransactionsApproved***
01/18/2023 06:48:59 PM: INFO: ***Getting Base Url***
01/18/2023 06:49:00 PM: INFO: ***Getting LoginPage Object Model***
01/18/2023 06:49:00 PM: INFO: ***Getting AccountPage Object Model***
01/18/2023 06:49:00 PM: INFO: ***Getting Test Data***
01/18/2023 06:49:00 PM: INFO: ***Logging in with username Harry Potter***
01/18/2023 06:49:00 PM: INFO: ***Login Success***
01/18/2023 06:49:00 PM: INFO: ***Making Deposit***
01/18/2023 06:49:01 PM: INFO: ***Balance after deposit as expected***
01/18/2023 06:49:01 PM: INFO: ***Making Withdrawl***
01/18/2023 06:49:18 PM: INFO: ***Test Execution Set to No, Skipping***
01/18/2023 06:50:09 PM: INFO: ***Starting Customer Test for test case Test1_TransactionsApproved***
01/18/2023 06:50:09 PM: INFO: ***Getting Base Url***
01/18/2023 06:50:09 PM: INFO: ***Getting LoginPage Object Model***
01/18/2023 06:50:10 PM: INFO: ***Getting AccountPage Object Model***
01/18/2023 06:50:10 PM: INFO: ***Getting Test Data***
01/18/2023 06:50:10 PM: INFO: ***Logging in with username Harry Potter***
01/18/2023 06:50:10 PM: INFO: ***Login Success***
01/18/2023 06:50:10 PM: INFO: ***Making Deposit***
01/18/2023 06:50:10 PM: INFO: ***Balance after deposit as expected***
01/18/2023 06:50:10 PM: INFO: ***Making Withdrawl***
01/18/2023 06:50:11 PM: INFO: ***Balance not as expected, balance is 60, failing test case
01/18/2023 06:50:12 PM: INFO: ***Test Execution Set to No, Skipping***
01/18/2023 06:52:38 PM: INFO: ***Starting Customer Test for test case Test1_TransactionsApproved***
01/18/2023 06:52:38 PM: INFO: ***Getting Base Url***
01/18/2023 06:52:38 PM: INFO: ***Getting LoginPage Object Model***
01/18/2023 06:52:39 PM: INFO: ***Getting AccountPage Object Model***
01/18/2023 06:52:39 PM: INFO: ***Getting Test Data***
01/18/2023 06:52:39 PM: INFO: ***Logging in with username Harry Potter***
01/18/2023 06:52:39 PM: INFO: ***Login Success***
01/18/2023 06:52:39 PM: INFO: ***Making Deposit***
01/18/2023 06:52:39 PM: INFO: ***Balance after deposit as expected***
01/18/2023 06:52:39 PM: INFO: ***Making Withdrawl***
01/18/2023 06:52:40 PM: INFO: ***Balance not as expected, balance is 60, failing test case
01/18/2023 06:52:57 PM: INFO: ***Test Execution Set to No, Skipping***
01/18/2023 06:58:01 PM: INFO: ***Starting Customer Test for test case Test1_TransactionsApproved***
01/18/2023 06:58:01 PM: INFO: ***Getting Base Url***
01/18/2023 06:58:02 PM: INFO: ***Getting LoginPage Object Model***
01/18/2023 06:58:02 PM: INFO: ***Getting AccountPage Object Model***
01/18/2023 06:58:02 PM: INFO: ***Getting Test Data***
01/18/2023 06:58:02 PM: INFO: ***Logging in with username Harry Potter***
01/18/2023 06:58:02 PM: INFO: ***Login Success***
01/18/2023 06:58:02 PM: INFO: ***Making Deposit***
01/18/2023 06:58:03 PM: INFO: ***Balance after deposit as expected***
01/18/2023 06:58:03 PM: INFO: ***Making Withdrawl***
01/18/2023 06:58:03 PM: INFO: ***Balance not as expected, balance is 60, failing test case
01/18/2023 06:58:04 PM: INFO: ***Test Execution Set to No, Skipping***
01/18/2023 07:20:40 PM: INFO: ***Starting Customer Test for test case Test1_TransactionsApproved***
01/18/2023 07:20:40 PM: INFO: ***Getting Base Url***
01/18/2023 07:20:41 PM: INFO: ***Getting LoginPage Object Model***
01/18/2023 07:20:41 PM: INFO: ***Getting AccountPage Object Model***
01/18/2023 07:20:41 PM: INFO: ***Getting Test Data***
01/18/2023 07:20:41 PM: INFO: ***Logging in with username Harry Potter***
01/18/2023 07:20:42 PM: INFO: ***Login Success***
01/18/2023 07:20:42 PM: INFO: ***Making Deposit***
01/18/2023 07:20:42 PM: INFO: ***Balance after deposit as expected***
01/18/2023 07:20:42 PM: INFO: ***Making Withdrawl***
01/18/2023 07:20:42 PM: INFO: ***Balance not as expected, balance is 60, failing test case
01/18/2023 07:20:44 PM: INFO: ***Test Execution Set to No, Skipping***
01/18/2023 07:22:20 PM: INFO: ***Starting Customer Test for test case Test1_TransactionsApproved***
01/18/2023 07:22:20 PM: INFO: ***Getting Base Url***
01/18/2023 07:22:21 PM: INFO: ***Getting LoginPage Object Model***
01/18/2023 07:22:21 PM: INFO: ***Getting AccountPage Object Model***
01/18/2023 07:22:21 PM: INFO: ***Getting Test Data***
01/18/2023 07:22:21 PM: INFO: ***Logging in with username Harry Potter***
01/18/2023 07:22:21 PM: INFO: ***Login Success***
01/18/2023 07:22:21 PM: INFO: ***Making Deposit***
01/18/2023 07:22:22 PM: INFO: ***Balance after deposit as expected***
01/18/2023 07:22:22 PM: INFO: ***Making Withdrawl***
01/18/2023 07:22:22 PM: INFO: ***Balance not as expected, balance is 60, failing test case
01/18/2023 07:22:23 PM: INFO: ***Test Execution Set to No, Skipping***
01/18/2023 07:26:09 PM: INFO: ***Starting Customer Test for test case Test1_TransactionsApproved***
01/18/2023 07:26:09 PM: INFO: ***Getting Base Url***
01/18/2023 07:26:10 PM: INFO: ***Getting LoginPage Object Model***
01/18/2023 07:26:10 PM: INFO: ***Getting AccountPage Object Model***
01/18/2023 07:26:10 PM: INFO: ***Getting Test Data***
01/18/2023 07:26:10 PM: INFO: ***Logging in with username Harry Potter***
01/18/2023 07:26:11 PM: INFO: ***Login Success***
01/18/2023 07:26:11 PM: INFO: ***Making Deposit***
01/18/2023 07:26:11 PM: INFO: ***Balance after deposit as expected***
01/18/2023 07:26:11 PM: INFO: ***Making Withdrawl***
01/18/2023 07:26:11 PM: INFO: ***Balance not as expected, balance is 60, failing test case
01/18/2023 07:26:29 PM: INFO: ***Test Execution Set to No, Skipping***
01/18/2023 07:26:59 PM: INFO: ***Starting Customer Test for test case Test1_TransactionsApproved***
01/18/2023 07:26:59 PM: INFO: ***Getting Base Url***
01/18/2023 07:27:00 PM: INFO: ***Getting LoginPage Object Model***
01/18/2023 07:27:00 PM: INFO: ***Getting AccountPage Object Model***
01/18/2023 07:27:00 PM: INFO: ***Getting Test Data***
01/18/2023 07:27:00 PM: INFO: ***Logging in with username Harry Potter***
01/18/2023 07:27:00 PM: INFO: ***Login Success***
01/18/2023 07:27:00 PM: INFO: ***Making Deposit***
01/18/2023 07:27:01 PM: INFO: ***Balance after deposit as expected***
01/18/2023 07:27:01 PM: INFO: ***Making Withdrawl***
01/18/2023 07:27:01 PM: INFO: ***Balance not as expected, balance is 60, failing test case
01/18/2023 07:27:02 PM: INFO: ***Test Execution Set to No, Skipping***
01/18/2023 07:35:05 PM: INFO: ***Starting Customer Test for test case Test1_TransactionsApproved***
01/18/2023 07:35:05 PM: INFO: ***Getting Base Url***
01/18/2023 07:35:06 PM: INFO: ***Getting LoginPage Object Model***
01/18/2023 07:35:06 PM: INFO: ***Getting AccountPage Object Model***
01/18/2023 07:35:06 PM: INFO: ***Getting Test Data***
01/18/2023 07:35:06 PM: INFO: ***Logging in with username Harry Potter***
01/18/2023 07:35:06 PM: INFO: ***Login Success***
01/18/2023 07:35:06 PM: INFO: ***Making Deposit***
01/18/2023 07:35:07 PM: INFO: ***Balance after deposit as expected***
01/18/2023 07:35:07 PM: INFO: ***Making Withdrawl***
01/18/2023 07:35:07 PM: INFO: ***Balance after withdrawl as expected***
01/18/2023 07:35:07 PM: INFO: ***Test has Passed***
01/18/2023 07:35:25 PM: INFO: ***Test Execution Set to No, Skipping***
01/18/2023 07:36:44 PM: INFO: ***Starting Customer Test for test case Test1_TransactionsApproved***
01/18/2023 07:36:44 PM: INFO: ***Getting Base Url***
01/18/2023 07:36:45 PM: INFO: ***Getting LoginPage Object Model***
01/18/2023 07:36:45 PM: INFO: ***Getting AccountPage Object Model***
01/18/2023 07:36:45 PM: INFO: ***Getting Test Data***
01/18/2023 07:36:45 PM: INFO: ***Logging in with username Harry Potter***
01/18/2023 07:36:46 PM: INFO: ***Login Success***
01/18/2023 07:36:46 PM: INFO: ***Making Deposit***
01/18/2023 07:36:46 PM: INFO: ***Balance after deposit as expected***
01/18/2023 07:36:46 PM: INFO: ***Making Withdrawl***
01/18/2023 07:36:47 PM: INFO: ***Balance after withdrawl as expected***
01/18/2023 07:36:47 PM: INFO: ***Test has Passed***
01/18/2023 07:37:03 PM: INFO: ***Test Execution Set to No, Skipping***
01/18/2023 07:37:05 PM: INFO: ***Starting Customer Test for test case Test2_TransactionsDenied***
01/18/2023 07:37:05 PM: INFO: ***Getting Base Url***
01/18/2023 07:37:05 PM: INFO: ***Getting LoginPage Object Model***
01/18/2023 07:37:05 PM: INFO: ***Getting AccountPage Object Model***
01/18/2023 07:37:05 PM: INFO: ***Getting Test Data***
01/18/2023 07:37:05 PM: INFO: ***Logging in with username Harry Potter***
01/18/2023 07:37:06 PM: INFO: ***Login Success***
01/18/2023 07:37:06 PM: INFO: ***Making Deposit***
01/18/2023 07:52:23 PM: INFO: ***Test Execution Set to No, Skipping***
01/18/2023 07:52:40 PM: INFO: ***Starting Customer Test for test case Test2_TransactionsDenied***
01/18/2023 07:52:40 PM: INFO: ***Getting Base Url***
01/18/2023 07:52:41 PM: INFO: ***Getting LoginPage Object Model***
01/18/2023 07:52:41 PM: INFO: ***Getting AccountPage Object Model***
01/18/2023 07:52:41 PM: INFO: ***Getting Test Data***
01/18/2023 07:52:41 PM: INFO: ***Logging in with username Harry Potter***
01/18/2023 07:52:43 PM: INFO: ***Login Success***
01/18/2023 07:52:43 PM: INFO: ***Making Deposit***
01/18/2023 07:52:44 PM: INFO: ***Transaction Failed as expected, Deposit Successful, passing test case***
01/18/2023 07:52:44 PM: INFO: ***Balance not as expected, balance is 100, failing test case
01/18/2023 07:57:32 PM: INFO: ***Test Execution Set to No, Skipping***
01/18/2023 07:57:51 PM: INFO: ***Starting Customer Test for test case Test2_TransactionsDenied***
01/18/2023 07:57:51 PM: INFO: ***Getting Base Url***
01/18/2023 07:57:52 PM: INFO: ***Getting LoginPage Object Model***
01/18/2023 07:57:52 PM: INFO: ***Getting AccountPage Object Model***
01/18/2023 07:57:52 PM: INFO: ***Getting Test Data***
01/18/2023 07:57:52 PM: INFO: ***Logging in with username Harry Potter***
01/18/2023 07:57:53 PM: INFO: ***Login Success***
01/18/2023 07:57:53 PM: INFO: ***Making Deposit***
01/18/2023 07:57:53 PM: INFO: ***Balance after deposit as expected***
01/18/2023 07:57:53 PM: INFO: ***Making Withdrawl***
01/18/2023 08:01:24 PM: INFO: ***Test Execution Set to No, Skipping***
01/18/2023 08:01:44 PM: INFO: ***Starting Customer Test for test case Test2_TransactionsDenied***
01/18/2023 08:01:44 PM: INFO: ***Getting Base Url***
01/18/2023 08:01:44 PM: INFO: ***Getting LoginPage Object Model***
01/18/2023 08:01:44 PM: INFO: ***Getting AccountPage Object Model***
01/18/2023 08:01:44 PM: INFO: ***Getting Test Data***
01/18/2023 08:01:44 PM: INFO: ***Logging in with username Harry Potter***
01/18/2023 08:01:45 PM: INFO: ***Login Success***
01/18/2023 08:01:45 PM: INFO: ***Making Deposit***
01/18/2023 08:01:45 PM: INFO: ***Balance after deposit as expected***
01/18/2023 08:01:45 PM: INFO: ***Making Withdrawl***
01/18/2023 08:08:13 PM: INFO: ***Test Execution Set to No, Skipping***
01/18/2023 08:08:30 PM: INFO: ***Starting Customer Test for test case Test2_TransactionsDenied***
01/18/2023 08:08:30 PM: INFO: ***Getting Base Url***
01/18/2023 08:08:31 PM: INFO: ***Getting LoginPage Object Model***
01/18/2023 08:08:31 PM: INFO: ***Getting AccountPage Object Model***
01/18/2023 08:08:31 PM: INFO: ***Getting Test Data***
01/18/2023 08:08:31 PM: INFO: ***Logging in with username Harry Potter***
01/18/2023 08:08:34 PM: INFO: ***Login Success***
01/18/2023 08:08:34 PM: INFO: ***Making Withdrawl***
01/18/2023 08:09:39 PM: INFO: ***Test Execution Set to No, Skipping***
01/18/2023 08:09:56 PM: INFO: ***Starting Customer Test for test case Test2_TransactionsDenied***
01/18/2023 08:09:56 PM: INFO: ***Getting Base Url***
01/18/2023 08:09:57 PM: INFO: ***Getting LoginPage Object Model***
01/18/2023 08:09:57 PM: INFO: ***Getting AccountPage Object Model***
01/18/2023 08:09:57 PM: INFO: ***Getting Test Data***
01/18/2023 08:09:57 PM: INFO: ***Logging in with username Harry Potter***
01/18/2023 08:10:00 PM: INFO: ***Login Success***
01/18/2023 08:10:00 PM: INFO: ***Making Withdrawl***
01/18/2023 08:10:00 PM: INFO: ***Transaction Failed as expected, Transaction Failed. You can not withdraw amount more than the balance., passing test case***
01/18/2023 08:13:49 PM: INFO: ***Test Execution Set to No, Skipping***
01/18/2023 08:13:51 PM: INFO: ***Starting Customer Test for test case Test2_TransactionsDenied***
01/18/2023 08:13:51 PM: INFO: ***Getting Base Url***
01/18/2023 08:13:51 PM: INFO: ***Getting LoginPage Object Model***
01/18/2023 08:13:51 PM: INFO: ***Getting AccountPage Object Model***
01/18/2023 08:13:51 PM: INFO: ***Getting Test Data***
01/18/2023 08:13:51 PM: INFO: ***Logging in with username Harry Potter***
01/18/2023 08:13:54 PM: INFO: ***Login Success***
01/18/2023 08:13:54 PM: INFO: ***Making Withdrawl***
01/18/2023 08:13:54 PM: INFO: ***Transaction Failed as expected, Transaction Failed. You can not withdraw amount more than the balance., passing test case***
01/18/2023 08:15:51 PM: INFO: ***Test Execution Set to No, Skipping***
01/18/2023 08:16:10 PM: INFO: ***Starting Customer Test for test case Test2_TransactionsDenied***
01/18/2023 08:16:10 PM: INFO: ***Getting Base Url***
01/18/2023 08:16:11 PM: INFO: ***Getting LoginPage Object Model***
01/18/2023 08:16:11 PM: INFO: ***Getting AccountPage Object Model***
01/18/2023 08:16:11 PM: INFO: ***Getting Test Data***
01/18/2023 08:16:11 PM: INFO: ***Logging in with username Harry Potter***
01/18/2023 08:16:12 PM: INFO: ***Login Success***
01/18/2023 08:16:12 PM: INFO: ***Making Withdrawl***
01/18/2023 08:16:12 PM: INFO: ***Transaction Failed as expected, Transaction Failed. You can not withdraw amount more than the balance., passing test case***
01/18/2023 08:16:22 PM: INFO: ***Test Execution Set to No, Skipping***
01/18/2023 08:16:25 PM: INFO: ***Starting Customer Test for test case Test2_TransactionsDenied***
01/18/2023 08:16:25 PM: INFO: ***Getting Base Url***
01/18/2023 08:16:26 PM: INFO: ***Getting LoginPage Object Model***
01/18/2023 08:16:26 PM: INFO: ***Getting AccountPage Object Model***
01/18/2023 08:16:26 PM: INFO: ***Getting Test Data***
01/18/2023 08:16:26 PM: INFO: ***Logging in with username Harry Potter***
01/18/2023 08:16:26 PM: INFO: ***Login Success***
01/18/2023 08:16:26 PM: INFO: ***Making Withdrawl***
01/18/2023 08:16:27 PM: INFO: ***Transaction Failed as expected, Transaction Failed. You can not withdraw amount more than the balance., passing test case***
01/18/2023 08:16:27 PM: INFO: ***Balance after withdrawl as expected***
01/18/2023 08:16:27 PM: INFO: ***Test has Passed***
01/18/2023 08:17:37 PM: INFO: ***Test Execution Set to No, Skipping***
01/18/2023 08:17:56 PM: INFO: ***Starting Customer Test for test case Test2_TransactionsDenied***
01/18/2023 08:17:56 PM: INFO: ***Getting Base Url***
01/18/2023 08:17:57 PM: INFO: ***Getting LoginPage Object Model***
01/18/2023 08:17:57 PM: INFO: ***Getting AccountPage Object Model***
01/18/2023 08:17:57 PM: INFO: ***Getting Test Data***
01/18/2023 08:17:57 PM: INFO: ***Logging in with username Harry Potter***
01/18/2023 08:17:57 PM: INFO: ***Login Success***
01/18/2023 08:17:57 PM: INFO: ***Making Withdrawl***
01/18/2023 08:17:58 PM: INFO: ***Transaction Failed as expected, Transaction Failed. You can not withdraw amount more than the balance., passing test case***
01/18/2023 08:17:58 PM: INFO: ***Balance after withdrawl as expected***
01/18/2023 08:17:58 PM: INFO: ***Test has Passed***
01/18/2023 08:19:23 PM: INFO: ***Test Execution Set to No, Skipping***
01/18/2023 08:19:41 PM: INFO: ***Starting Customer Test for test case Test2_TransactionsDenied***
01/18/2023 08:19:41 PM: INFO: ***Getting Base Url***
01/18/2023 08:19:41 PM: INFO: ***Getting LoginPage Object Model***
01/18/2023 08:19:42 PM: INFO: ***Getting AccountPage Object Model***
01/18/2023 08:19:42 PM: INFO: ***Getting Test Data***
01/18/2023 08:19:42 PM: INFO: ***Logging in with username Harry Potter***
01/18/2023 08:19:42 PM: INFO: ***Login Success***
01/18/2023 08:19:42 PM: INFO: ***Making Withdrawl***
01/18/2023 08:19:45 PM: INFO: ***Transaction Failed as expected, Transaction Failed. You can not withdraw amount more than the balance., passing test case***
01/18/2023 08:19:45 PM: INFO: ***Balance after withdrawl as expected***
01/18/2023 08:19:45 PM: INFO: ***Test has Passed***
01/19/2023 04:05:05 PM: INFO: ***Test Execution Set to No, Skipping***
01/19/2023 04:05:23 PM: INFO: ***Starting Customer Test for test case Test2_TransactionsDenied***
01/19/2023 04:05:23 PM: INFO: ***Getting Base Url***
01/19/2023 04:05:24 PM: INFO: ***Getting LoginPage Object Model***
01/19/2023 04:05:24 PM: INFO: ***Getting AccountPage Object Model***
01/19/2023 04:05:24 PM: INFO: ***Getting Test Data***
01/19/2023 04:05:24 PM: INFO: ***Logging in with username Harry Potter***
01/19/2023 04:05:24 PM: INFO: ***Login Success***
01/19/2023 04:05:24 PM: INFO: ***Making Withdrawl***
01/19/2023 04:05:27 PM: INFO: ***Transaction Failed as expected, Transaction Failed. You can not withdraw amount more than the balance.***
01/19/2023 04:05:27 PM: INFO: ***Balance after withdrawl as expected***
01/19/2023 04:05:27 PM: INFO: ***Test has Passed***
01/19/2023 04:08:24 PM: INFO: ***Starting Customer Test for test case Test2_TransactionsDenied***
01/19/2023 04:08:24 PM: INFO: ***Getting Base Url***
01/19/2023 04:08:24 PM: INFO: ***Getting LoginPage Object Model***
01/19/2023 04:08:25 PM: INFO: ***Getting AccountPage Object Model***
01/19/2023 04:08:25 PM: INFO: ***Getting Test Data***
01/19/2023 04:08:25 PM: INFO: ***Logging in with username Harry Potter***
01/19/2023 04:08:25 PM: INFO: ***Login Success***
01/19/2023 04:08:25 PM: INFO: ***Making Withdrawl***
01/19/2023 04:08:25 PM: INFO: ***Transaction Failed as expected, Transaction Failed. You can not withdraw amount more than the balance.***
01/19/2023 04:08:26 PM: INFO: ***Balance after withdrawl as expected***
01/19/2023 04:08:26 PM: INFO: ***Test has Passed***
01/19/2023 04:16:57 PM: INFO: ***Starting Customer Test for test case Test2_TransactionsDenied***
01/19/2023 04:16:57 PM: INFO: ***Getting Base Url***
01/19/2023 04:16:58 PM: INFO: ***Getting LoginPage Object Model***
01/19/2023 04:16:58 PM: INFO: ***Getting AccountPage Object Model***
01/19/2023 04:16:58 PM: INFO: ***Getting Test Data***
01/19/2023 04:16:58 PM: INFO: ***Logging in with username Harry Potter***
01/19/2023 04:16:58 PM: INFO: ***Login Success***
01/19/2023 04:16:58 PM: INFO: ***Making Withdrawl***
01/19/2023 04:16:58 PM: INFO: ***Transaction Failed as expected, Transaction Failed. You can not withdraw amount more than the balance.***
01/19/2023 04:16:58 PM: INFO: ***Balance after withdrawl as expected***
01/19/2023 04:16:58 PM: INFO: ***Test has Passed***
01/19/2023 04:17:20 PM: INFO: ***Starting Customer Test for test case Test1_TransactionsApproved***
01/19/2023 04:17:20 PM: INFO: ***Getting Base Url***
01/19/2023 04:17:21 PM: INFO: ***Getting LoginPage Object Model***
01/19/2023 04:17:21 PM: INFO: ***Getting AccountPage Object Model***
01/19/2023 04:17:21 PM: INFO: ***Getting Test Data***
01/19/2023 04:17:21 PM: INFO: ***Logging in with username Harry Potter***
01/19/2023 04:17:21 PM: INFO: ***Login Success***
01/19/2023 04:17:21 PM: INFO: ***Making Deposit***
01/19/2023 04:17:22 PM: INFO: ***Balance after deposit as expected***
01/19/2023 04:17:22 PM: INFO: ***Making Withdrawl***
01/19/2023 04:17:22 PM: INFO: ***Balance after withdrawl as expected***
01/19/2023 04:17:22 PM: INFO: ***Test has Passed***
01/19/2023 04:17:40 PM: INFO: ***Starting Customer Test for test case Test2_TransactionsDenied***
01/19/2023 04:17:40 PM: INFO: ***Getting Base Url***
01/19/2023 04:17:40 PM: INFO: ***Getting LoginPage Object Model***
01/19/2023 04:17:41 PM: INFO: ***Getting AccountPage Object Model***
01/19/2023 04:17:41 PM: INFO: ***Getting Test Data***
01/19/2023 04:17:41 PM: INFO: ***Logging in with username Harry Potter***
01/19/2023 04:17:41 PM: INFO: ***Login Success***
01/19/2023 04:17:41 PM: INFO: ***Making Withdrawl***
01/19/2023 04:17:41 PM: INFO: ***Transaction Failed as expected, Transaction Failed. You can not withdraw amount more than the balance.***
01/19/2023 04:17:42 PM: INFO: ***Balance after withdrawl as expected***
01/19/2023 04:17:42 PM: INFO: ***Test has Passed***
01/19/2023 05:19:25 PM: INFO: ****Starting Test1_TransactionsApproved Data Driven Login Test ****
01/19/2023 05:19:25 PM: INFO: ****Logging in with username Harry Potter ****
01/19/2023 05:19:25 PM: INFO: ***Login Passed ***
01/19/2023 05:19:44 PM: INFO: ****Starting Test2_TransactionsDenied Data Driven Login Test ****
01/19/2023 05:19:44 PM: INFO: ****Logging in with username Harry Potter ****
01/19/2023 05:19:44 PM: INFO: ***Login Passed ***
